  ColorMatch.cpp
  Game.cpp
D:\Visual Studio\ColorMatch\ColorMatch\ColorMatch.cpp(12,12): warning C4244: 'argument': conversion from 'time_t' to 'unsigned int', possible loss of data
  GameOverState.cpp
D:\Visual Studio\ColorMatch\ColorMatch\Timer.h(74,15): warning C4244: 'return': conversion from 'float' to 'Uint32', possible loss of data
D:\Visual Studio\ColorMatch\ColorMatch\GameOverState.cpp(9,10): warning C4101: 'my': unreferenced local variable
  GameState.cpp
D:\Visual Studio\ColorMatch\ColorMatch\GameOverState.cpp(9,6): warning C4101: 'mx': unreferenced local variable
  HighScoresState.cpp
D:\Visual Studio\ColorMatch\ColorMatch\Timer.h(74,15): warning C4244: 'return': conversion from 'float' to 'Uint32', possible loss of data
D:\Visual Studio\ColorMatch\ColorMatch\HighScoresState.cpp(8,10): warning C4101: 'my': unreferenced local variable
  PauseState.cpp
D:\Visual Studio\ColorMatch\ColorMatch\HighScoresState.cpp(8,6): warning C4101: 'mx': unreferenced local variable
D:\Visual Studio\ColorMatch\ColorMatch\Timer.h(74,15): warning C4244: 'return': conversion from 'float' to 'Uint32', possible loss of data
D:\Visual Studio\ColorMatch\ColorMatch\PauseState.cpp(8,10): warning C4101: 'my': unreferenced local variable
  StartState.cpp
D:\Visual Studio\ColorMatch\ColorMatch\PauseState.cpp(8,6): warning C4101: 'mx': unreferenced local variable
D:\Visual Studio\ColorMatch\ColorMatch\Timer.h(74,15): warning C4244: 'return': conversion from 'float' to 'Uint32', possible loss of data
D:\Visual Studio\ColorMatch\ColorMatch\StartState.cpp(9,10): warning C4101: 'my': unreferenced local variable
  Generating Code...
D:\Visual Studio\ColorMatch\ColorMatch\StartState.cpp(9,6): warning C4101: 'mx': unreferenced local variable
D:\Visual Studio\ColorMatch\ColorMatch\List.h(98): warning C4715: 'List<Node<Tile *> *>::get_at': not all control paths return a value
D:\Visual Studio\ColorMatch\ColorMatch\List.h(98): warning C4715: 'List<int>::get_at': not all control paths return a value
D:\Visual Studio\ColorMatch\ColorMatch\List.h(98): warning C4715: 'List<Tile *>::get_at': not all control paths return a value
D:\Visual Studio\ColorMatch\ColorMatch\Board.h(278): warning C4715: 'Board::CheckIfFalling': not all control paths return a value
  ColorMatch.vcxproj -> D:\Visual Studio\ColorMatch\x64\Debug\ColorMatch.exe
